<?xml version="1.0" encoding="UTF-8"?>
<!-- Generated by org.testng.reporters.JUnitReportReporter -->
<testsuite hostname="5cf87444e2005c2" failures="0" tests="1" name="Sausedemo.CapstoneSause.TC_Login" time="9.554" errors="0" timestamp="2024-01-08T14:13:32 IST" skipped="0">
  <testcase classname="Sausedemo.CapstoneSause.TC_Login" name="Tesst1" time="9.554"/>
</testsuite> <!-- Sausedemo.CapstoneSause.TC_Login -->
