<?xml version="1.0" encoding="UTF-8"?>
<!-- Generated by org.testng.reporters.JUnitReportReporter -->
<testsuite hostname="5cf87444e2005c2" failures="0" tests="1" name="Sausedemo.CapstoneSause.Tc_Negitive_Login" time="0.479" errors="0" timestamp="2024-01-08T14:15:58 IST" skipped="0">
  <testcase classname="Sausedemo.CapstoneSause.Tc_Negitive_Login" name="Negitive_Test" time="0.479"/>
</testsuite> <!-- Sausedemo.CapstoneSause.Tc_Negitive_Login -->
